#
# There is insufficient memory for the Java Runtime Environment to continue.
# Native memory allocation (malloc) failed to allocate 160088 bytes for AllocateHeap
# Possible reasons:
#   The system is out of physical RAM or swap space
#   The process is running with CompressedOops enabled, and the Java Heap may be blocking the growth of the native heap
# Possible solutions:
#   Reduce memory load on the system
#   Increase physical memory or swap space
#   Check if swap backing store is full
#   Decrease Java heap size (-Xmx/-Xms)
#   Decrease number of Java threads
#   Decrease Java thread stack sizes (-Xss)
#   Set larger code cache with -XX:ReservedCodeCacheSize=
#   JVM is running with Unscaled Compressed Oops mode in which the Java heap is
#     placed in the first 4GB address space. The Java Heap base address is the
#     maximum limit for the native heap growth. Please use -XX:HeapBaseMinAddress
#     to set the Java Heap base and to place the Java Heap above 4GB virtual address.
# This output file may be truncated or incomplete.
#
#  Out of Memory Error (./open/src/hotspot/share/memory/allocation.cpp:46), pid=1176, tid=11156
#
# JRE version:  (11.0.13+10) (build )
# Java VM: Java HotSpot(TM) 64-Bit Server VM (11.0.13+10-LTS-370, mixed mode, tiered, compressed oops, g1 gc, windows-amd64)
# No core dump will be written. Minidumps are not enabled by default on client versions of Windows
#

---------------  S U M M A R Y ------------

Command Line: -Dcom.sun.management.jmxremote -Dcom.sun.management.jmxremote.port=50117 -Dcom.sun.management.jmxremote.authenticate=false -Dcom.sun.management.jmxremote.ssl=false -Djava.rmi.server.hostname=localhost -Dspring.jmx.enabled=true -Dspring.application.admin.enabled=true -XX:TieredStopAtLevel=1 -Dspring.boot.project.name=ClaimsMicroservice -Dfile.encoding=UTF-8 com.demo.ClaimsMicroserviceApplication --spring.output.ansi.enabled=always

Host: Intel(R) Xeon(R) CPU E5-2673 v4 @ 2.30GHz, 2 cores, 7G,  Windows 10 , 64 bit Build 19041 (10.0.19041.1706)
Time: Thu Jun  9 03:57:08 2022 Coordinated Universal Time elapsed time: 0.100906 seconds (0d 0h 0m 0s)

---------------  T H R E A D  ---------------

Current thread (0x000001c0f934f000):  JavaThread "Unknown thread" [_thread_in_vm, id=11156, stack(0x0000006511a00000,0x0000006511b00000)]

Stack: [0x0000006511a00000,0x0000006511b00000]
Native frames: (J=compiled Java code, j=interpreted, Vv=VM code, C=native code)
V  [jvm.dll+0x62870a]
V  [jvm.dll+0x761f2f]
V  [jvm.dll+0x7635d9]
V  [jvm.dll+0x763c63]
V  [jvm.dll+0x23d728]
V  [jvm.dll+0xb12ca]
V  [jvm.dll+0x73dff3]
V  [jvm.dll+0x346369]
V  [jvm.dll+0x721e60]
V  [jvm.dll+0x3b500f]
V  [jvm.dll+0x3b7121]
C  [jli.dll+0x5207]
C  [ucrtbase.dll+0x21bb2]
C  [KERNEL32.DLL+0x17034]
C  [ntdll.dll+0x52651]


---------------  P R O C E S S  ---------------

Threads class SMR info:
_java_thread_list=0x000001c0f72ae9c0, length=0, elements={
}

Java Threads: ( => current thread )

Other Threads:
  0x000001c0f9364000 GCTaskThread "GC Thread#0" [stack: 0x0000006511b00000,0x0000006511c00000] [id=8168]
  0x000001c0f938f800 ConcurrentGCThread "G1 Main Marker" [stack: 0x0000006511c00000,0x0000006511d00000] [id=10988]
  0x000001c0f9391000 ConcurrentGCThread "G1 Conc#0" [stack: 0x0000006511d00000,0x0000006511e00000] [id=8464]
  0x000001c0f941a000 ConcurrentGCThread "G1 Refine#0" [stack: 0x0000006511e00000,0x0000006511f00000] [id=1072]
  0x000001c0f941c000 ConcurrentGCThread "G1 Young RemSet Sampling" [stack: 0x0000006511f00000,0x0000006512000000] [id=10416]

=>0x000001c0f934f000 (exited) JavaThread "Unknown thread" [_thread_in_vm, id=11156, stack(0x0000006511a00000,0x0000006511b00000)]

Threads with active compile tasks:

VM state:not at safepoint (not fully initialized)

VM Mutex/Monitor currently owned by a thread: None

Heap address: 0x0000000080000000, size: 2048 MB, Compressed Oops mode: 32-bit
Narrow klass base: 0x0000000000000000, Narrow klass shift: 3
Compressed class space size: 1073741824 Address: 0x0000000100000000

GC Heap History (0 events):
No events

Deoptimization events (0 events):
No events

Classes redefined (0 events):
No events

Internal exceptions (0 events):
No events

Events (0 events):
No events


Dynamic libraries:
0x00007ff630070000 - 0x00007ff63007f000 	C:\Program Files\Java\jdk-11.0.13\bin\javaw.exe
0x00007fff86bf0000 - 0x00007fff86de5000 	C:\Windows\SYSTEM32\ntdll.dll
0x00007fff852b0000 - 0x00007fff8536d000 	C:\Windows\System32\KERNEL32.DLL
0x00007fff84300000 - 0x00007fff845cd000 	C:\Windows\System32\KERNELBASE.dll
0x00007fff84800000 - 0x00007fff84900000 	C:\Windows\System32\ucrtbase.dll
0x00007fff6dc80000 - 0x00007fff6dc98000 	C:\Program Files\Java\jdk-11.0.13\bin\jli.dll
0x00007fff85430000 - 0x00007fff854de000 	C:\Windows\System32\ADVAPI32.dll
0x00007fff85370000 - 0x00007fff8540e000 	C:\Windows\System32\msvcrt.dll
0x00007fff86970000 - 0x00007fff86a0c000 	C:\Windows\System32\sechost.dll
0x00007fff84c40000 - 0x00007fff84d65000 	C:\Windows\System32\RPCRT4.dll
0x00007fff86a10000 - 0x00007fff86bb0000 	C:\Windows\System32\USER32.dll
0x00007fff84b80000 - 0x00007fff84ba2000 	C:\Windows\System32\win32u.dll
0x00007fff86500000 - 0x00007fff8652a000 	C:\Windows\System32\GDI32.dll
0x00007fff84950000 - 0x00007fff84a5b000 	C:\Windows\System32\gdi32full.dll
0x00007fff845d0000 - 0x00007fff8466d000 	C:\Windows\System32\msvcp_win.dll
0x00007fff6d370000 - 0x00007fff6d385000 	C:\Program Files\Java\jdk-11.0.13\bin\VCRUNTIME140.dll
0x00007fff66470000 - 0x00007fff6670a000 	C:\Windows\WinSxS\amd64_microsoft.windows.common-controls_6595b64144ccf1df_6.0.19041.1110_none_60b5254171f9507e\COMCTL32.dll
0x00007fff7c290000 - 0x00007fff7c29a000 	C:\Windows\SYSTEM32\VERSION.dll
0x00007fff856f0000 - 0x00007fff85720000 	C:\Windows\System32\IMM32.DLL
0x00007fff64bf0000 - 0x00007fff64c8b000 	C:\Program Files\Java\jdk-11.0.13\bin\msvcp140.dll
0x00007fff4b260000 - 0x00007fff4bd73000 	C:\Program Files\Java\jdk-11.0.13\bin\server\jvm.dll
0x00007fff856e0000 - 0x00007fff856e8000 	C:\Windows\System32\PSAPI.DLL
0x00007fff7fde0000 - 0x00007fff7fde9000 	C:\Windows\SYSTEM32\WSOCK32.dll
0x00007fff859f0000 - 0x00007fff85a5b000 	C:\Windows\System32\WS2_32.dll
0x00007fff64e50000 - 0x00007fff64e77000 	C:\Windows\SYSTEM32\WINMM.dll
0x00007fff821e0000 - 0x00007fff821f2000 	C:\Windows\SYSTEM32\kernel.appcore.dll
0x00007fff6dcd0000 - 0x00007fff6dce0000 	C:\Program Files\Java\jdk-11.0.13\bin\verify.dll
0x00007fff73b80000 - 0x00007fff73d64000 	C:\Windows\SYSTEM32\DBGHELP.DLL
0x00007fff74e30000 - 0x00007fff74e5c000 	C:\Windows\SYSTEM32\dbgcore.DLL
0x00007fff84bb0000 - 0x00007fff84c32000 	C:\Windows\System32\bcryptPrimitives.dll
0x00007fff69180000 - 0x00007fff691a8000 	C:\Program Files\Java\jdk-11.0.13\bin\java.dll
0x00007fff6dbb0000 - 0x00007fff6dbba000 	C:\Program Files\Java\jdk-11.0.13\bin\jimage.dll
0x00007fff6d1c0000 - 0x00007fff6d1d6000 	C:\Program Files\Java\jdk-11.0.13\bin\zip.dll

dbghelp: loaded successfully - version: 4.0.5 - missing functions: none
symbol engine: initialized successfully - sym options: 0x614 - pdb path: .;C:\Program Files\Java\jdk-11.0.13\bin;C:\Windows\SYSTEM32;C:\Windows\WinSxS\amd64_microsoft.windows.common-controls_6595b64144ccf1df_6.0.19041.1110_none_60b5254171f9507e;C:\Program Files\Java\jdk-11.0.13\bin\server

VM Arguments:
jvm_args: -Dcom.sun.management.jmxremote -Dcom.sun.management.jmxremote.port=50117 -Dcom.sun.management.jmxremote.authenticate=false -Dcom.sun.management.jmxremote.ssl=false -Djava.rmi.server.hostname=localhost -Dspring.jmx.enabled=true -Dspring.application.admin.enabled=true -XX:TieredStopAtLevel=1 -Dspring.boot.project.name=ClaimsMicroservice -Dfile.encoding=UTF-8 
java_command: com.demo.ClaimsMicroserviceApplication --spring.output.ansi.enabled=always
java_class_path (initial): C:\Users\sfjbs\Downloads\springdemo-main\springdemo-main\ClaimsMicroservice\target\classes;C:\Users\sfjbs\.m2\repository\org\springframework\boot\spring-boot-starter-data-jpa\2.7.0\spring-boot-starter-data-jpa-2.7.0.jar;C:\Users\sfjbs\.m2\repository\org\springframework\boot\spring-boot-starter-aop\2.7.0\spring-boot-starter-aop-2.7.0.jar;C:\Users\sfjbs\.m2\repository\org\springframework\spring-aop\5.3.20\spring-aop-5.3.20.jar;C:\Users\sfjbs\.m2\repository\org\aspectj\aspectjweaver\1.9.7\aspectjweaver-1.9.7.jar;C:\Users\sfjbs\.m2\repository\org\springframework\boot\spring-boot-starter-jdbc\2.7.0\spring-boot-starter-jdbc-2.7.0.jar;C:\Users\sfjbs\.m2\repository\com\zaxxer\HikariCP\4.0.3\HikariCP-4.0.3.jar;C:\Users\sfjbs\.m2\repository\org\springframework\spring-jdbc\5.3.20\spring-jdbc-5.3.20.jar;C:\Users\sfjbs\.m2\repository\jakarta\transaction\jakarta.transaction-api\1.3.3\jakarta.transaction-api-1.3.3.jar;C:\Users\sfjbs\.m2\repository\jakarta\persistence\jakarta.persistence-api\2.2.3\jakarta.persistence-api-2.2.3.jar;C:\Users\sfjbs\.m2\repository\org\hibernate\hibernate-core\5.6.9.Final\hibernate-core-5.6.9.Final.jar;C:\Users\sfjbs\.m2\repository\org\jboss\logging\jboss-logging\3.4.3.Final\jboss-logging-3.4.3.Final.jar;C:\Users\sfjbs\.m2\repository\net\bytebuddy\byte-buddy\1.12.10\byte-buddy-1.12.10.jar;C:\Users\sfjbs\.m2\repository\antlr\antlr\2.7.7\antlr-2.7.7.jar;C:\Users\sfjbs\.m2\repository\org\jboss\jandex\2.4.2.Final\jandex-2.4.2.Final.jar;C:\Users\sfjbs\.m2\repository\com\fasterxml\classmate\1.5.1\classmate-1.5.1.jar;C:\Users\sfjbs\.m2\repository\org\hibernate\common\hibernate-commons-annotations\5.1.2.Final\hibernate-commons-annotations-5.1.2.Final.jar;C:\Users\sfjbs\.m2\repository\org\glassfish\jaxb\jaxb-runtime\2.3.6\jaxb-runtime-2.3.6.jar;C:\Users\sfjbs\.m2\repository\org\glassfish\jaxb\txw2\2.3.6\txw2-2.3.6.jar;C:\Users\sfjbs\.m2\repository\com\sun\istack\istack-commons-runtime\3.0.12\istack-commons-runtime-3.0.12.jar;C:\Users
Launcher Type: SUN_STANDARD

[Global flags]
     intx CICompilerCount                          = 2                                         {product} {ergonomic}
     uint ConcGCThreads                            = 1                                         {product} {ergonomic}
     uint G1ConcRefinementThreads                  = 2                                         {product} {ergonomic}
   size_t G1HeapRegionSize                         = 1048576                                   {product} {ergonomic}
    uintx GCDrainStackTargetSize                   = 64                                        {product} {ergonomic}
   size_t InitialHeapSize                          = 134217728                                 {product} {ergonomic}
     bool ManagementServer                         = true                                      {product} {command line}
   size_t MarkStackSize                            = 4194304                                   {product} {ergonomic}
   size_t MaxHeapSize                              = 2147483648                                {product} {ergonomic}
   size_t MaxNewSize                               = 1287651328                                {product} {ergonomic}
   size_t MinHeapDeltaBytes                        = 1048576                                   {product} {ergonomic}
    uintx NonNMethodCodeHeapSize                   = 6396312                                {pd product} {ergonomic}
    uintx NonProfiledCodeHeapSize                  = 245261928                              {pd product} {ergonomic}
    uintx ProfiledCodeHeapSize                     = 0                                      {pd product} {ergonomic}
    uintx ReservedCodeCacheSize                    = 251658240                              {pd product} {ergonomic}
     bool SegmentedCodeCache                       = true                                      {product} {ergonomic}
     intx TieredStopAtLevel                        = 1                                         {product} {command line}
     bool UseCompressedClassPointers               = true                                 {lp64_product} {ergonomic}
     bool UseCompressedOops                        = true                                 {lp64_product} {ergonomic}
     bool UseG1GC                                  = true                                      {product} {ergonomic}
     bool UseLargePagesIndividualAllocation        = false                                  {pd product} {ergonomic}

Logging:
Log output configuration:
 #0: stdout all=warning uptime,level,tags
 #1: stderr all=off uptime,level,tags

Environment Variables:
PATH=C:/Users/sfjbs/Downloads/sts-4.14.1.RELEASE//plugins/org.eclipse.justj.openjdk.hotspot.jre.full.win32.x86_64_17.0.2.v20220201-1208/jre/bin/server;C:/Users/sfjbs/Downloads/sts-4.14.1.RELEASE//plugins/org.eclipse.justj.openjdk.hotspot.jre.full.win32.x86_64_17.0.2.v20220201-1208/jre/bin;C:\Program Files\Common Files\Oracle\Java\javapath;C:\Windows\system32;C:\Windows;C:\Windows\System32\Wbem;C:\Windows\System32\WindowsPowerShell\v1.0\;C:\Windows\System32\OpenSSH\;C:\Users\sfjbs\Downloads\javamicro-20220514T173558Z-001\javamicro\apache-maven-3.8.5-bin\apache-maven-3.8.5\bin;C:\Users\sfjbs\Downloads\javamicro-20220514T173558Z-001\javamicro\apache-maven-3.8.5-bin\apache-maven-3.8.5\lib;C:\Program Files\Git\cmd;C:\Program Files\Docker\Docker\resources\bin;C:\ProgramData\DockerDesktop\version-bin;C:\Users\sfjbs\AppData\Local\Microsoft\WindowsApps;C:\Program Files\JetBrains\IntelliJ IDEA Community Edition 2021.3.3\bin;C:\Users\sfjbs\Downloads\sts-4.14.1.RELEASE;
USERNAME=sfjbs
OS=Windows_NT
PROCESSOR_IDENTIFIER=Intel64 Family 6 Model 79 Stepping 1, GenuineIntel



---------------  S Y S T E M  ---------------

OS: Windows 10 , 64 bit Build 19041 (10.0.19041.1706)
Hyper-V role detected

CPU:total 2 (initial active 2) (1 cores per cpu, 2 threads per core) family 6 model 79 stepping 1 microcode 0xffffffff, cmov, cx8, fxsr, mmx, sse, sse2, sse3, ssse3, sse4.1, sse4.2, popcnt, avx, avx2, aes, clmul, erms, rtm, 3dnowpref, lzcnt, ht, tsc, bmi1, bmi2, adx, fma

Memory: 4k page, system-wide physical 8190M (2180M free)
TotalPageFile size 10238M (AvailPageFile size 3M)
current process WorkingSet (physical memory assigned to process): 15M, peak: 15M
current process commit charge ("private bytes"): 179M, peak: 179M

vm_info: Java HotSpot(TM) 64-Bit Server VM (11.0.13+10-LTS-370) for windows-amd64 JRE (11.0.13+10-LTS-370), built on Sep 15 2021 22:10:36 by "mach5one" with MS VC++ 15.9 (VS2017)

END.
