#
# There is insufficient memory for the Java Runtime Environment to continue.
# Native memory allocation (malloc) failed to allocate 32744 bytes for ChunkPool::allocate
# Possible reasons:
#   The system is out of physical RAM or swap space
#   The process is running with CompressedOops enabled, and the Java Heap may be blocking the growth of the native heap
# Possible solutions:
#   Reduce memory load on the system
#   Increase physical memory or swap space
#   Check if swap backing store is full
#   Decrease Java heap size (-Xmx/-Xms)
#   Decrease number of Java threads
#   Decrease Java thread stack sizes (-Xss)
#   Set larger code cache with -XX:ReservedCodeCacheSize=
#   JVM is running with Unscaled Compressed Oops mode in which the Java heap is
#     placed in the first 4GB address space. The Java Heap base address is the
#     maximum limit for the native heap growth. Please use -XX:HeapBaseMinAddress
#     to set the Java Heap base and to place the Java Heap above 4GB virtual address.
# This output file may be truncated or incomplete.
#
#  Out of Memory Error (./open/src/hotspot/share/memory/arena.cpp:81), pid=10592, tid=6208
#
# JRE version: Java(TM) SE Runtime Environment 18.9 (11.0.13+10) (build 11.0.13+10-LTS-370)
# Java VM: Java HotSpot(TM) 64-Bit Server VM 18.9 (11.0.13+10-LTS-370, mixed mode, tiered, compressed oops, g1 gc, windows-amd64)
# No core dump will be written. Minidumps are not enabled by default on client versions of Windows
#

---------------  S U M M A R Y ------------

Command Line: -Dmaven.home=EMBEDDED -Dclassworlds.conf=C:\Users\sfjbs\Documents\workspace-spring-tool-suite-4-4.14.1.RELEASE\.metadata\.plugins\org.eclipse.m2e.launching\launches\m2conf5713386556377374508.tmp -Dmaven.multiModuleProjectDirectory=C:\Users\sfjbs\Documents\workspace-spring-tool-suite-4-4.14.1.RELEASE\FirstassignmentEmp -Djansi.force=true -Djansi.passthrough=true -Dfile.encoding=Cp1252 org.codehaus.plexus.classworlds.launcher.Launcher -Ppom.xml -B install -Dstyle.color=always

Host: Intel(R) Xeon(R) Platinum 8272CL CPU @ 2.60GHz, 2 cores, 7G,  Windows 10 , 64 bit Build 19041 (10.0.19041.1706)
Time: Fri May 27 12:32:14 2022 Coordinated Universal Time elapsed time: 0.507174 seconds (0d 0h 0m 0s)

---------------  T H R E A D  ---------------

Current thread (0x0000014302176800):  JavaThread "main" [_thread_in_vm, id=6208, stack(0x0000001287900000,0x0000001287a00000)]

Stack: [0x0000001287900000,0x0000001287a00000]
Native frames: (J=compiled Java code, j=interpreted, Vv=VM code, C=native code)
V  [jvm.dll+0x62870a]
V  [jvm.dll+0x761f2f]
V  [jvm.dll+0x7635d9]
V  [jvm.dll+0x763c63]
V  [jvm.dll+0x23d728]
V  [jvm.dll+0xb2b9b]
V  [jvm.dll+0xb2efc]
V  [jvm.dll+0x6b4ef2]
V  [jvm.dll+0x6b4817]
V  [jvm.dll+0x753a6b]
V  [jvm.dll+0x74ff0c]
V  [jvm.dll+0x34c322]
V  [jvm.dll+0x34c1ad]
V  [jvm.dll+0x34b52a]
V  [jvm.dll+0x34b4c8]
V  [jvm.dll+0x3591e2]
C  0x00000143097ce9fd

Java frames: (J=compiled Java code, j=interpreted, Vv=VM code)
j  org.codehaus.plexus.util.ReaderFactory.newXmlReader(Ljava/io/InputStream;)Lorg/codehaus/plexus/util/xml/XmlStreamReader;+0
j  org.apache.maven.project.ExtensionDescriptorBuilder.build(Ljava/io/InputStream;)Lorg/apache/maven/project/ExtensionDescriptor;+9
j  org.apache.maven.extension.internal.CoreExtensionEntry.discoverFrom(Lorg/codehaus/plexus/classworlds/realm/ClassRealm;)Lorg/apache/maven/extension/internal/CoreExtensionEntry;+58
j  org.apache.maven.cli.MavenCli.container(Lorg/apache/maven/cli/CliRequest;)Lorg/codehaus/plexus/PlexusContainer;+68
j  org.apache.maven.cli.MavenCli.doMain(Lorg/apache/maven/cli/CliRequest;)I+34
j  org.apache.maven.cli.MavenCli.main([Ljava/lang/String;Lorg/codehaus/plexus/classworlds/ClassWorld;)I+24
v  ~StubRoutines::call_stub
j  jdk.internal.reflect.NativeMethodAccessorImpl.invoke0(Ljava/lang/reflect/Method;Ljava/lang/Object;[Ljava/lang/Object;)Ljava/lang/Object;+0 java.base@11.0.13
j  jdk.internal.reflect.NativeMethodAccessorImpl.invoke(Ljava/lang/Object;[Ljava/lang/Object;)Ljava/lang/Object;+100 java.base@11.0.13
j  jdk.internal.reflect.DelegatingMethodAccessorImpl.invoke(Ljava/lang/Object;[Ljava/lang/Object;)Ljava/lang/Object;+6 java.base@11.0.13
j  java.lang.reflect.Method.invoke(Ljava/lang/Object;[Ljava/lang/Object;)Ljava/lang/Object;+59 java.base@11.0.13
j  org.codehaus.plexus.classworlds.launcher.Launcher.launchEnhanced([Ljava/lang/String;)V+45
j  org.codehaus.plexus.classworlds.launcher.Launcher.launch([Ljava/lang/String;)V+2
j  org.codehaus.plexus.classworlds.launcher.Launcher.mainWithExitCode([Ljava/lang/String;)I+101
j  org.codehaus.plexus.classworlds.launcher.Launcher.main([Ljava/lang/String;)V+1
v  ~StubRoutines::call_stub

---------------  P R O C E S S  ---------------

Threads class SMR info:
_java_thread_list=0x00000143206b5720, length=10, elements={
0x0000014302176800, 0x000001431fb8b800, 0x000001431fb95000, 0x000001431fba7000,
0x000001431fba9800, 0x000001431fbac800, 0x000001431fbb3000, 0x000001431fbb9800,
0x000001431fbc5000, 0x00000143206c6000
}

Java Threads: ( => current thread )
=>0x0000014302176800 JavaThread "main" [_thread_in_vm, id=6208, stack(0x0000001287900000,0x0000001287a00000)]
  0x000001431fb8b800 JavaThread "Reference Handler" daemon [_thread_blocked, id=9728, stack(0x0000001288000000,0x0000001288100000)]
  0x000001431fb95000 JavaThread "Finalizer" daemon [_thread_blocked, id=3984, stack(0x0000001288100000,0x0000001288200000)]
  0x000001431fba7000 JavaThread "Signal Dispatcher" daemon [_thread_blocked, id=10580, stack(0x0000001288200000,0x0000001288300000)]
  0x000001431fba9800 JavaThread "Attach Listener" daemon [_thread_blocked, id=5948, stack(0x0000001288300000,0x0000001288400000)]
  0x000001431fbac800 JavaThread "Service Thread" daemon [_thread_blocked, id=11564, stack(0x0000001288400000,0x0000001288500000)]
  0x000001431fbb3000 JavaThread "C2 CompilerThread0" daemon [_thread_blocked, id=12272, stack(0x0000001288500000,0x0000001288600000)]
  0x000001431fbb9800 JavaThread "C1 CompilerThread0" daemon [_thread_in_native, id=12060, stack(0x0000001288600000,0x0000001288700000)]
  0x000001431fbc5000 JavaThread "Sweeper thread" daemon [_thread_blocked, id=5920, stack(0x0000001288700000,0x0000001288800000)]
  0x00000143206c6000 JavaThread "Common-Cleaner" daemon [_thread_blocked, id=11832, stack(0x0000001288900000,0x0000001288a00000)]

Other Threads:
  0x000001431fb87000 VMThread "VM Thread" [stack: 0x0000001287f00000,0x0000001288000000] [id=4468]
  0x00000143206c5000 WatcherThread [stack: 0x0000001288800000,0x0000001288900000] [id=8064]
  0x000001430218b800 GCTaskThread "GC Thread#0" [stack: 0x0000001287a00000,0x0000001287b00000] [id=4996]
  0x00000143021bb800 ConcurrentGCThread "G1 Main Marker" [stack: 0x0000001287b00000,0x0000001287c00000] [id=3224]
  0x00000143021bd000 ConcurrentGCThread "G1 Conc#0" [stack: 0x0000001287c00000,0x0000001287d00000] [id=9064]
  0x0000014302244000 ConcurrentGCThread "G1 Refine#0" [stack: 0x0000001287d00000,0x0000001287e00000] [id=3864]
  0x0000014302246000 ConcurrentGCThread "G1 Young RemSet Sampling" [stack: 0x0000001287e00000,0x0000001287f00000] [id=6712]

Threads with active compile tasks:
C1 CompilerThread0    516  467       3       java.net.URLStreamHandler::parseURL (1201 bytes)

VM state:not at safepoint (normal execution)

VM Mutex/Monitor currently owned by a thread: None

Heap address: 0x0000000080000000, size: 2048 MB, Compressed Oops mode: 32-bit
Narrow klass base: 0x0000000000000000, Narrow klass shift: 3
Compressed class space size: 1073741824 Address: 0x0000000100000000

Heap:
 garbage-first heap   total 131072K, used 5120K [0x0000000080000000, 0x0000000100000000)
  region size 1024K, 7 young (7168K), 0 survivors (0K)
 Metaspace       used 7617K, capacity 7797K, committed 7936K, reserved 1056768K
  class space    used 664K, capacity 705K, committed 768K, reserved 1048576K
Heap Regions: E=young(eden), S=young(survivor), O=old, HS=humongous(starts), HC=humongous(continues), CS=collection set, F=free, A=archive, TAMS=top-at-mark-start (previous, next)
|   0|0x0000000080000000, 0x0000000080000000, 0x0000000080100000|  0%| F|  |TAMS 0x0000000080000000, 0x0000000080000000| Untracked 
|   1|0x0000000080100000, 0x0000000080100000, 0x0000000080200000|  0%| F|  |TAMS 0x0000000080100000, 0x0000000080100000| Untracked 
|   2|0x0000000080200000, 0x0000000080200000, 0x0000000080300000|  0%| F|  |TAMS 0x0000000080200000, 0x0000000080200000| Untracked 
|   3|0x0000000080300000, 0x0000000080300000, 0x0000000080400000|  0%| F|  |TAMS 0x0000000080300000, 0x0000000080300000| Untracked 
|   4|0x0000000080400000, 0x0000000080400000, 0x0000000080500000|  0%| F|  |TAMS 0x0000000080400000, 0x0000000080400000| Untracked 
|   5|0x0000000080500000, 0x0000000080500000, 0x0000000080600000|  0%| F|  |TAMS 0x0000000080500000, 0x0000000080500000| Untracked 
|   6|0x0000000080600000, 0x0000000080600000, 0x0000000080700000|  0%| F|  |TAMS 0x0000000080600000, 0x0000000080600000| Untracked 
|   7|0x0000000080700000, 0x0000000080700000, 0x0000000080800000|  0%| F|  |TAMS 0x0000000080700000, 0x0000000080700000| Untracked 
|   8|0x0000000080800000, 0x0000000080800000, 0x0000000080900000|  0%| F|  |TAMS 0x0000000080800000, 0x0000000080800000| Untracked 
|   9|0x0000000080900000, 0x0000000080900000, 0x0000000080a00000|  0%| F|  |TAMS 0x0000000080900000, 0x0000000080900000| Untracked 
|  10|0x0000000080a00000, 0x0000000080a00000, 0x0000000080b00000|  0%| F|  |TAMS 0x0000000080a00000, 0x0000000080a00000| Untracked 
|  11|0x0000000080b00000, 0x0000000080b00000, 0x0000000080c00000|  0%| F|  |TAMS 0x0000000080b00000, 0x0000000080b00000| Untracked 
|  12|0x0000000080c00000, 0x0000000080c00000, 0x0000000080d00000|  0%| F|  |TAMS 0x0000000080c00000, 0x0000000080c00000| Untracked 
|  13|0x0000000080d00000, 0x0000000080d00000, 0x0000000080e00000|  0%| F|  |TAMS 0x0000000080d00000, 0x0000000080d00000| Untracked 
|  14|0x0000000080e00000, 0x0000000080e00000, 0x0000000080f00000|  0%| F|  |TAMS 0x0000000080e00000, 0x0000000080e00000| Untracked 
|  15|0x0000000080f00000, 0x0000000080f00000, 0x0000000081000000|  0%| F|  |TAMS 0x0000000080f00000, 0x0000000080f00000| Untracked 
|  16|0x0000000081000000, 0x0000000081000000, 0x0000000081100000|  0%| F|  |TAMS 0x0000000081000000, 0x0000000081000000| Untracked 
|  17|0x0000000081100000, 0x0000000081100000, 0x0000000081200000|  0%| F|  |TAMS 0x0000000081100000, 0x0000000081100000| Untracked 
|  18|0x0000000081200000, 0x0000000081200000, 0x0000000081300000|  0%| F|  |TAMS 0x0000000081200000, 0x0000000081200000| Untracked 
|  19|0x0000000081300000, 0x0000000081300000, 0x0000000081400000|  0%| F|  |TAMS 0x0000000081300000, 0x0000000081300000| Untracked 
|  20|0x0000000081400000, 0x0000000081400000, 0x0000000081500000|  0%| F|  |TAMS 0x0000000081400000, 0x0000000081400000| Untracked 
|  21|0x0000000081500000, 0x0000000081500000, 0x0000000081600000|  0%| F|  |TAMS 0x0000000081500000, 0x0000000081500000| Untracked 
|  22|0x0000000081600000, 0x0000000081600000, 0x0000000081700000|  0%| F|  |TAMS 0x0000000081600000, 0x0000000081600000| Untracked 
|  23|0x0000000081700000, 0x0000000081700000, 0x0000000081800000|  0%| F|  |TAMS 0x0000000081700000, 0x0000000081700000| Untracked 
|  24|0x0000000081800000, 0x0000000081800000, 0x0000000081900000|  0%| F|  |TAMS 0x0000000081800000, 0x0000000081800000| Untracked 
|  25|0x0000000081900000, 0x0000000081900000, 0x0000000081a00000|  0%| F|  |TAMS 0x0000000081900000, 0x0000000081900000| Untracked 
|  26|0x0000000081a00000, 0x0000000081a00000, 0x0000000081b00000|  0%| F|  |TAMS 0x0000000081a00000, 0x0000000081a00000| Untracked 
|  27|0x0000000081b00000, 0x0000000081b00000, 0x0000000081c00000|  0%| F|  |TAMS 0x0000000081b00000, 0x0000000081b00000| Untracked 
|  28|0x0000000081c00000, 0x0000000081c00000, 0x0000000081d00000|  0%| F|  |TAMS 0x0000000081c00000, 0x0000000081c00000| Untracked 
|  29|0x0000000081d00000, 0x0000000081d00000, 0x0000000081e00000|  0%| F|  |TAMS 0x0000000081d00000, 0x0000000081d00000| Untracked 
|  30|0x0000000081e00000, 0x0000000081e00000, 0x0000000081f00000|  0%| F|  |TAMS 0x0000000081e00000, 0x0000000081e00000| Untracked 
|  31|0x0000000081f00000, 0x0000000081f00000, 0x0000000082000000|  0%| F|  |TAMS 0x0000000081f00000, 0x0000000081f00000| Untracked 
|  32|0x0000000082000000, 0x0000000082000000, 0x0000000082100000|  0%| F|  |TAMS 0x0000000082000000, 0x0000000082000000| Untracked 
|  33|0x0000000082100000, 0x0000000082100000, 0x0000000082200000|  0%| F|  |TAMS 0x0000000082100000, 0x0000000082100000| Untracked 
|  34|0x0000000082200000, 0x0000000082200000, 0x0000000082300000|  0%| F|  |TAMS 0x0000000082200000, 0x0000000082200000| Untracked 
|  35|0x0000000082300000, 0x0000000082300000, 0x0000000082400000|  0%| F|  |TAMS 0x0000000082300000, 0x0000000082300000| Untracked 
|  36|0x0000000082400000, 0x0000000082400000, 0x0000000082500000|  0%| F|  |TAMS 0x0000000082400000, 0x0000000082400000| Untracked 
|  37|0x0000000082500000, 0x0000000082500000, 0x0000000082600000|  0%| F|  |TAMS 0x0000000082500000, 0x0000000082500000| Untracked 
|  38|0x0000000082600000, 0x0000000082600000, 0x0000000082700000|  0%| F|  |TAMS 0x0000000082600000, 0x0000000082600000| Untracked 
|  39|0x0000000082700000, 0x0000000082700000, 0x0000000082800000|  0%| F|  |TAMS 0x0000000082700000, 0x0000000082700000| Untracked 
|  40|0x0000000082800000, 0x0000000082800000, 0x0000000082900000|  0%| F|  |TAMS 0x0000000082800000, 0x0000000082800000| Untracked 
|  41|0x0000000082900000, 0x0000000082900000, 0x0000000082a00000|  0%| F|  |TAMS 0x0000000082900000, 0x0000000082900000| Untracked 
|  42|0x0000000082a00000, 0x0000000082a00000, 0x0000000082b00000|  0%| F|  |TAMS 0x0000000082a00000, 0x0000000082a00000| Untracked 
|  43|0x0000000082b00000, 0x0000000082b00000, 0x0000000082c00000|  0%| F|  |TAMS 0x0000000082b00000, 0x0000000082b00000| Untracked 
|  44|0x0000000082c00000, 0x0000000082c00000, 0x0000000082d00000|  0%| F|  |TAMS 0x0000000082c00000, 0x0000000082c00000| Untracked 
|  45|0x0000000082d00000, 0x0000000082d00000, 0x0000000082e00000|  0%| F|  |TAMS 0x0000000082d00000, 0x0000000082d00000| Untracked 
|  46|0x0000000082e00000, 0x0000000082e00000, 0x0000000082f00000|  0%| F|  |TAMS 0x0000000082e00000, 0x0000000082e00000| Untracked 
|  47|0x0000000082f00000, 0x0000000082f00000, 0x0000000083000000|  0%| F|  |TAMS 0x0000000082f00000, 0x0000000082f00000| Untracked 
|  48|0x0000000083000000, 0x0000000083000000, 0x0000000083100000|  0%| F|  |TAMS 0x0000000083000000, 0x0000000083000000| Untracked 
|  49|0x0000000083100000, 0x0000000083100000, 0x0000000083200000|  0%| F|  |TAMS 0x0000000083100000, 0x0000000083100000| Untracked 
|  50|0x0000000083200000, 0x0000000083200000, 0x0000000083300000|  0%| F|  |TAMS 0x0000000083200000, 0x0000000083200000| Untracked 
|  51|0x0000000083300000, 0x0000000083300000, 0x0000000083400000|  0%| F|  |TAMS 0x0000000083300000, 0x0000000083300000| Untracked 
|  52|0x0000000083400000, 0x0000000083400000, 0x0000000083500000|  0%| F|  |TAMS 0x0000000083400000, 0x0000000083400000| Untracked 
|  53|0x0000000083500000, 0x0000000083500000, 0x0000000083600000|  0%| F|  |TAMS 0x0000000083500000, 0x0000000083500000| Untracked 
|  54|0x0000000083600000, 0x0000000083600000, 0x0000000083700000|  0%| F|  |TAMS 0x0000000083600000, 0x0000000083600000| Untracked 
|  55|0x0000000083700000, 0x0000000083700000, 0x0000000083800000|  0%| F|  |TAMS 0x0000000083700000, 0x0000000083700000| Untracked 
|  56|0x0000000083800000, 0x0000000083800000, 0x0000000083900000|  0%| F|  |TAMS 0x0000000083800000, 0x0000000083800000| Untracked 
|  57|0x0000000083900000, 0x0000000083900000, 0x0000000083a00000|  0%| F|  |TAMS 0x0000000083900000, 0x0000000083900000| Untracked 
|  58|0x0000000083a00000, 0x0000000083a00000, 0x0000000083b00000|  0%| F|  |TAMS 0x0000000083a00000, 0x0000000083a00000| Untracked 
|  59|0x0000000083b00000, 0x0000000083b00000, 0x0000000083c00000|  0%| F|  |TAMS 0x0000000083b00000, 0x0000000083b00000| Untracked 
|  60|0x0000000083c00000, 0x0000000083c00000, 0x0000000083d00000|  0%| F|  |TAMS 0x0000000083c00000, 0x0000000083c00000| Untracked 
|  61|0x0000000083d00000, 0x0000000083d00000, 0x0000000083e00000|  0%| F|  |TAMS 0x0000000083d00000, 0x0000000083d00000| Untracked 
|  62|0x0000000083e00000, 0x0000000083e00000, 0x0000000083f00000|  0%| F|  |TAMS 0x0000000083e00000, 0x0000000083e00000| Untracked 
|  63|0x0000000083f00000, 0x0000000083f00000, 0x0000000084000000|  0%| F|  |TAMS 0x0000000083f00000, 0x0000000083f00000| Untracked 
|  64|0x0000000084000000, 0x0000000084000000, 0x0000000084100000|  0%| F|  |TAMS 0x0000000084000000, 0x0000000084000000| Untracked 
|  65|0x0000000084100000, 0x0000000084100000, 0x0000000084200000|  0%| F|  |TAMS 0x0000000084100000, 0x0000000084100000| Untracked 
|  66|0x0000000084200000, 0x0000000084200000, 0x0000000084300000|  0%| F|  |TAMS 0x0000000084200000, 0x0000000084200000| Untracked 
|  67|0x0000000084300000, 0x0000000084300000, 0x0000000084400000|  0%| F|  |TAMS 0x0000000084300000, 0x0000000084300000| Untracked 
|  68|0x0000000084400000, 0x0000000084400000, 0x0000000084500000|  0%| F|  |TAMS 0x0000000084400000, 0x0000000084400000| Untracked 
|  69|0x0000000084500000, 0x0000000084500000, 0x0000000084600000|  0%| F|  |TAMS 0x0000000084500000, 0x0000000084500000| Untracked 
|  70|0x0000000084600000, 0x0000000084600000, 0x0000000084700000|  0%| F|  |TAMS 0x0000000084600000, 0x0000000084600000| Untracked 
|  71|0x0000000084700000, 0x0000000084700000, 0x0000000084800000|  0%| F|  |TAMS 0x0000000084700000, 0x0000000084700000| Untracked 
|  72|0x0000000084800000, 0x0000000084800000, 0x0000000084900000|  0%| F|  |TAMS 0x0000000084800000, 0x0000000084800000| Untracked 
|  73|0x0000000084900000, 0x0000000084900000, 0x0000000084a00000|  0%| F|  |TAMS 0x0000000084900000, 0x0000000084900000| Untracked 
|  74|0x0000000084a00000, 0x0000000084a00000, 0x0000000084b00000|  0%| F|  |TAMS 0x0000000084a00000, 0x0000000084a00000| Untracked 
|  75|0x0000000084b00000, 0x0000000084b00000, 0x0000000084c00000|  0%| F|  |TAMS 0x0000000084b00000, 0x0000000084b00000| Untracked 
|  76|0x0000000084c00000, 0x0000000084c00000, 0x0000000084d00000|  0%| F|  |TAMS 0x0000000084c00000, 0x0000000084c00000| Untracked 
|  77|0x0000000084d00000, 0x0000000084d00000, 0x0000000084e00000|  0%| F|  |TAMS 0x0000000084d00000, 0x0000000084d00000| Untracked 
|  78|0x0000000084e00000, 0x0000000084e00000, 0x0000000084f00000|  0%| F|  |TAMS 0x0000000084e00000, 0x0000000084e00000| Untracked 
|  79|0x0000000084f00000, 0x0000000084f00000, 0x0000000085000000|  0%| F|  |TAMS 0x0000000084f00000, 0x0000000084f00000| Untracked 
|  80|0x0000000085000000, 0x0000000085000000, 0x0000000085100000|  0%| F|  |TAMS 0x0000000085000000, 0x0000000085000000| Untracked 
|  81|0x0000000085100000, 0x0000000085100000, 0x0000000085200000|  0%| F|  |TAMS 0x0000000085100000, 0x0000000085100000| Untracked 
|  82|0x0000000085200000, 0x0000000085200000, 0x0000000085300000|  0%| F|  |TAMS 0x0000000085200000, 0x0000000085200000| Untracked 
|  83|0x0000000085300000, 0x0000000085300000, 0x0000000085400000|  0%| F|  |TAMS 0x0000000085300000, 0x0000000085300000| Untracked 
|  84|0x0000000085400000, 0x0000000085400000, 0x0000000085500000|  0%| F|  |TAMS 0x0000000085400000, 0x0000000085400000| Untracked 
|  85|0x0000000085500000, 0x0000000085500000, 0x0000000085600000|  0%| F|  |TAMS 0x0000000085500000, 0x0000000085500000| Untracked 
|  86|0x0000000085600000, 0x0000000085600000, 0x0000000085700000|  0%| F|  |TAMS 0x0000000085600000, 0x0000000085600000| Untracked 
|  87|0x0000000085700000, 0x0000000085700000, 0x0000000085800000|  0%| F|  |TAMS 0x0000000085700000, 0x0000000085700000| Untracked 
|  88|0x0000000085800000, 0x0000000085800000, 0x0000000085900000|  0%| F|  |TAMS 0x0000000085800000, 0x0000000085800000| Untracked 
|  89|0x0000000085900000, 0x0000000085900000, 0x0000000085a00000|  0%| F|  |TAMS 0x0000000085900000, 0x0000000085900000| Untracked 
|  90|0x0000000085a00000, 0x0000000085a00000, 0x0000000085b00000|  0%| F|  |TAMS 0x0000000085a00000, 0x0000000085a00000| Untracked 
|  91|0x0000000085b00000, 0x0000000085b00000, 0x0000000085c00000|  0%| F|  |TAMS 0x0000000085b00000, 0x0000000085b00000| Untracked 
|  92|0x0000000085c00000, 0x0000000085c00000, 0x0000000085d00000|  0%| F|  |TAMS 0x0000000085c00000, 0x0000000085c00000| Untracked 
|  93|0x0000000085d00000, 0x0000000085d00000, 0x0000000085e00000|  0%| F|  |TAMS 0x0000000085d00000, 0x0000000085d00000| Untracked 
|  94|0x0000000085e00000, 0x0000000085e00000, 0x0000000085f00000|  0%| F|  |TAMS 0x0000000085e00000, 0x0000000085e00000| Untracked 
|  95|0x0000000085f00000, 0x0000000085f00000, 0x0000000086000000|  0%| F|  |TAMS 0x0000000085f00000, 0x0000000085f00000| Untracked 
|  96|0x0000000086000000, 0x0000000086000000, 0x0000000086100000|  0%| F|  |TAMS 0x0000000086000000, 0x0000000086000000| Untracked 
|  97|0x0000000086100000, 0x0000000086100000, 0x0000000086200000|  0%| F|  |TAMS 0x0000000086100000, 0x0000000086100000| Untracked 
|  98|0x0000000086200000, 0x0000000086200000, 0x0000000086300000|  0%| F|  |TAMS 0x0000000086200000, 0x0000000086200000| Untracked 
|  99|0x0000000086300000, 0x0000000086300000, 0x0000000086400000|  0%| F|  |TAMS 0x0000000086300000, 0x0000000086300000| Untracked 
| 100|0x0000000086400000, 0x0000000086400000, 0x0000000086500000|  0%| F|  |TAMS 0x0000000086400000, 0x0000000086400000| Untracked 
| 101|0x0000000086500000, 0x0000000086500000, 0x0000000086600000|  0%| F|  |TAMS 0x0000000086500000, 0x0000000086500000| Untracked 
| 102|0x0000000086600000, 0x0000000086600000, 0x0000000086700000|  0%| F|  |TAMS 0x0000000086600000, 0x0000000086600000| Untracked 
| 103|0x0000000086700000, 0x0000000086700000, 0x0000000086800000|  0%| F|  |TAMS 0x0000000086700000, 0x0000000086700000| Untracked 
| 104|0x0000000086800000, 0x0000000086800000, 0x0000000086900000|  0%| F|  |TAMS 0x0000000086800000, 0x0000000086800000| Untracked 
| 105|0x0000000086900000, 0x0000000086900000, 0x0000000086a00000|  0%| F|  |TAMS 0x0000000086900000, 0x0000000086900000| Untracked 
| 106|0x0000000086a00000, 0x0000000086a00000, 0x0000000086b00000|  0%| F|  |TAMS 0x0000000086a00000, 0x0000000086a00000| Untracked 
| 107|0x0000000086b00000, 0x0000000086b00000, 0x0000000086c00000|  0%| F|  |TAMS 0x0000000086b00000, 0x0000000086b00000| Untracked 
| 108|0x0000000086c00000, 0x0000000086c00000, 0x0000000086d00000|  0%| F|  |TAMS 0x0000000086c00000, 0x0000000086c00000| Untracked 
| 109|0x0000000086d00000, 0x0000000086d00000, 0x0000000086e00000|  0%| F|  |TAMS 0x0000000086d00000, 0x0000000086d00000| Untracked 
| 110|0x0000000086e00000, 0x0000000086e00000, 0x0000000086f00000|  0%| F|  |TAMS 0x0000000086e00000, 0x0000000086e00000| Untracked 
| 111|0x0000000086f00000, 0x0000000086f00000, 0x0000000087000000|  0%| F|  |TAMS 0x0000000086f00000, 0x0000000086f00000| Untracked 
| 112|0x0000000087000000, 0x0000000087000000, 0x0000000087100000|  0%| F|  |TAMS 0x0000000087000000, 0x0000000087000000| Untracked 
| 113|0x0000000087100000, 0x0000000087100000, 0x0000000087200000|  0%| F|  |TAMS 0x0000000087100000, 0x0000000087100000| Untracked 
| 114|0x0000000087200000, 0x0000000087200000, 0x0000000087300000|  0%| F|  |TAMS 0x0000000087200000, 0x0000000087200000| Untracked 
| 115|0x0000000087300000, 0x0000000087300000, 0x0000000087400000|  0%| F|  |TAMS 0x0000000087300000, 0x0000000087300000| Untracked 
| 116|0x0000000087400000, 0x0000000087400000, 0x0000000087500000|  0%| F|  |TAMS 0x0000000087400000, 0x0000000087400000| Untracked 
| 117|0x0000000087500000, 0x0000000087500000, 0x0000000087600000|  0%| F|  |TAMS 0x0000000087500000, 0x0000000087500000| Untracked 
| 118|0x0000000087600000, 0x0000000087600000, 0x0000000087700000|  0%| F|  |TAMS 0x0000000087600000, 0x0000000087600000| Untracked 
| 119|0x0000000087700000, 0x0000000087700000, 0x0000000087800000|  0%| F|  |TAMS 0x0000000087700000, 0x0000000087700000| Untracked 
| 120|0x0000000087800000, 0x0000000087800000, 0x0000000087900000|  0%| F|  |TAMS 0x0000000087800000, 0x0000000087800000| Untracked 
| 121|0x0000000087900000, 0x0000000087993148, 0x0000000087a00000| 57%| E|  |TAMS 0x0000000087900000, 0x0000000087900000| Complete 
| 122|0x0000000087a00000, 0x0000000087b00000, 0x0000000087b00000|100%| E|CS|TAMS 0x0000000087a00000, 0x0000000087a00000| Complete 
| 123|0x0000000087b00000, 0x0000000087c00000, 0x0000000087c00000|100%| E|CS|TAMS 0x0000000087b00000, 0x0000000087b00000| Complete 
| 124|0x0000000087c00000, 0x0000000087d00000, 0x0000000087d00000|100%| E|CS|TAMS 0x0000000087c00000, 0x0000000087c00000| Complete 
| 125|0x0000000087d00000, 0x0000000087e00000, 0x0000000087e00000|100%| E|CS|TAMS 0x0000000087d00000, 0x0000000087d00000| Complete 
| 126|0x0000000087e00000, 0x0000000087f00000, 0x0000000087f00000|100%| E|  |TAMS 0x0000000087e00000, 0x0000000087e00000| Complete 
| 127|0x0000000087f00000, 0x0000000088000000, 0x0000000088000000|100%| E|CS|TAMS 0x0000000087f00000, 0x0000000087f00000| Complete 

Card table byte_map: [0x0000014318fc0000,0x00000143193c0000] _byte_map_base: 0x0000014318bc0000

Marking Bits (Prev, Next): (CMBitMap*) 0x00000143021b28b8, (CMBitMap*) 0x00000143021b28f0
 Prev Bits: [0x00000143197c0000, 0x000001431b7c0000)
 Next Bits: [0x000001431b7c0000, 0x000001431d7c0000)

Polling page: 0x00000143008c0000

Metaspace:

Usage:
  Non-class:      6.93 MB capacity,     6.79 MB ( 98%) used,   134.42 KB (  2%) free+waste,     4.50 KB ( <1%) overhead. 
      Class:    705.00 KB capacity,   664.34 KB ( 94%) used,    38.72 KB (  5%) free+waste,     1.94 KB ( <1%) overhead. 
       Both:      7.61 MB capacity,     7.44 MB ( 98%) used,   173.14 KB (  2%) free+waste,     6.44 KB ( <1%) overhead. 

Virtual space:
  Non-class space:        8.00 MB reserved,       7.00 MB ( 88%) committed 
      Class space:        1.00 GB reserved,     768.00 KB ( <1%) committed 
             Both:        1.01 GB reserved,       7.75 MB ( <1%) committed 

Chunk freelists:
   Non-Class:  1.50 KB
       Class:  3.88 KB
        Both:  5.38 KB

CodeHeap 'non-profiled nmethods': size=120064Kb used=128Kb max_used=128Kb free=119935Kb
 bounds [0x0000014311270000, 0x00000143114e0000, 0x00000143187b0000]
CodeHeap 'profiled nmethods': size=120000Kb used=737Kb max_used=737Kb free=119262Kb
 bounds [0x0000014309d40000, 0x0000014309fb0000, 0x0000014311270000]
CodeHeap 'non-nmethods': size=5696Kb used=1070Kb max_used=1085Kb free=4625Kb
 bounds [0x00000143097b0000, 0x0000014309a20000, 0x0000014309d40000]
 total_blobs=817 nmethods=467 adapters=262
 compilation: enabled
              stopped_count=0, restarted_count=0
 full_count=0

Compilation events (10 events):
Event: 0.486 Thread 0x000001431fbb9800 nmethod 463 0x0000014309df1490 code [0x0000014309df17a0, 0x0000014309df2dd8]
Event: 0.486 Thread 0x000001431fbb9800  464 %     3       java.util.Properties$LineReader::readLine @ 53 (584 bytes)
Event: 0.489 Thread 0x000001431fbb9800 nmethod 464% 0x0000014309df3590 code [0x0000014309df3960, 0x0000014309df69b8]
Event: 0.489 Thread 0x000001431fbb9800  465       3       org.codehaus.plexus.classworlds.realm.ClassRealm::getClassLoadingLock (38 bytes)
Event: 0.490 Thread 0x000001431fbb9800 nmethod 465 0x0000014309df7810 code [0x0000014309df79c0, 0x0000014309df7ca8]
Event: 0.490 Thread 0x000001431fbb9800  466       3       java.io.File::exists (43 bytes)
Event: 0.490 Thread 0x000001431fbb9800 nmethod 466 0x0000014309df7e10 code [0x0000014309df7fe0, 0x0000014309df8388]
Event: 0.490 Thread 0x000001431fbb9800  467       3       java.net.URLStreamHandler::parseURL (1201 bytes)
Event: 0.492 Thread 0x000001431fbb3000  468       4       java.lang.String::equals (65 bytes)
Event: 0.494 Thread 0x000001431fbb3000 nmethod 468 0x000001431128fc90 code [0x000001431128fe20, 0x0000014311290018]

GC Heap History (0 events):
No events

Deoptimization events (2 events):
Event: 0.141 Thread 0x0000014302176800 Uncommon trap: reason=unstable_if action=reinterpret pc=0x0000014311273c10 method=java.lang.String.hashCode()I @ 14 c2
Event: 0.356 Thread 0x0000014302176800 Uncommon trap: reason=unstable_if action=reinterpret pc=0x000001431127c160 method=java.io.WinNTFileSystem.isSlash(C)Z @ 9 c2

Classes redefined (0 events):
No events

Internal exceptions (2 events):
Event: 0.329 Thread 0x0000014302176800 Exception <a 'java/lang/NoSuchMethodError'{0x0000000087c61068}: java.lang.invoke.DirectMethodHandle$Holder.invokeSpecialIFC(Ljava/lang/Object;Ljava/lang/Object;I)I> (0x0000000087c61068) thrown at [./open/src/hotspot/share/interpreter/linkResolver.cpp, lin
Event: 0.345 Thread 0x0000014302176800 Exception <a 'java/lang/NullPointerException'{0x0000000087cd4a10}> (0x0000000087cd4a10) thrown at [./open/src/hotspot/share/interpreter/linkResolver.cpp, line 1354]

Events (10 events):
Event: 0.501 loading class org/apache/maven/project/ExtensionDescriptor
Event: 0.501 loading class org/apache/maven/project/ExtensionDescriptor done
Event: 0.502 loading class org/codehaus/plexus/util/ReaderFactory
Event: 0.502 loading class org/codehaus/plexus/util/ReaderFactory done
Event: 0.503 loading class java/io/FileReader
Event: 0.503 loading class java/io/FileReader done
Event: 0.503 loading class org/codehaus/plexus/util/xml/XmlStreamReaderException
Event: 0.503 loading class org/codehaus/plexus/util/xml/XmlStreamReaderException done
Event: 0.503 loading class org/codehaus/plexus/util/xml/XmlReaderException
Event: 0.503 loading class org/codehaus/plexus/util/xml/XmlReaderException done


Dynamic libraries:
0x00007ff719770000 - 0x00007ff71977f000 	C:\Program Files\Java\jdk-11.0.13\bin\javaw.exe
0x00007fff1c010000 - 0x00007fff1c205000 	C:\Windows\SYSTEM32\ntdll.dll
0x00007fff1b670000 - 0x00007fff1b72d000 	C:\Windows\System32\KERNEL32.DLL
0x00007fff198d0000 - 0x00007fff19b9d000 	C:\Windows\System32\KERNELBASE.dll
0x00007fff19cf0000 - 0x00007fff19df0000 	C:\Windows\System32\ucrtbase.dll
0x00007fff10e50000 - 0x00007fff10e65000 	C:\Program Files\Java\jdk-11.0.13\bin\VCRUNTIME140.dll
0x00007fff10ea0000 - 0x00007fff10eb8000 	C:\Program Files\Java\jdk-11.0.13\bin\jli.dll
0x00007fff1a790000 - 0x00007fff1a83e000 	C:\Windows\System32\ADVAPI32.dll
0x00007fff1a400000 - 0x00007fff1a49e000 	C:\Windows\System32\msvcrt.dll
0x00007fff1bf30000 - 0x00007fff1bfcc000 	C:\Windows\System32\sechost.dll
0x00007fff1af90000 - 0x00007fff1b0b5000 	C:\Windows\System32\RPCRT4.dll
0x00007fff1b2f0000 - 0x00007fff1b490000 	C:\Windows\System32\USER32.dll
0x00007fff1a030000 - 0x00007fff1a052000 	C:\Windows\System32\win32u.dll
0x00007fff1a060000 - 0x00007fff1a08a000 	C:\Windows\System32\GDI32.dll
0x00007fff02840000 - 0x00007fff02ada000 	C:\Windows\WinSxS\amd64_microsoft.windows.common-controls_6595b64144ccf1df_6.0.19041.1110_none_60b5254171f9507e\COMCTL32.dll
0x00007fff19e90000 - 0x00007fff19f9b000 	C:\Windows\System32\gdi32full.dll
0x00007fff19c50000 - 0x00007fff19ced000 	C:\Windows\System32\msvcp_win.dll
0x00007fff114c0000 - 0x00007fff114ca000 	C:\Windows\SYSTEM32\VERSION.dll
0x00007fff1b640000 - 0x00007fff1b670000 	C:\Windows\System32\IMM32.DLL
0x00007ffefba40000 - 0x00007ffefbadb000 	C:\Program Files\Java\jdk-11.0.13\bin\msvcp140.dll
0x00007ffee7810000 - 0x00007ffee8323000 	C:\Program Files\Java\jdk-11.0.13\bin\server\jvm.dll
0x00007fff1af20000 - 0x00007fff1af28000 	C:\Windows\System32\PSAPI.DLL
0x00007fff0ce20000 - 0x00007fff0ce29000 	C:\Windows\SYSTEM32\WSOCK32.dll
0x00007fff1b1f0000 - 0x00007fff1b25b000 	C:\Windows\System32\WS2_32.dll
0x00007ffefb6d0000 - 0x00007ffefb6f7000 	C:\Windows\SYSTEM32\WINMM.dll
0x00007fff17600000 - 0x00007fff17612000 	C:\Windows\SYSTEM32\kernel.appcore.dll
0x00007fff10e90000 - 0x00007fff10ea0000 	C:\Program Files\Java\jdk-11.0.13\bin\verify.dll
0x00007fff08b60000 - 0x00007fff08d44000 	C:\Windows\SYSTEM32\DBGHELP.DLL
0x00007fff08e00000 - 0x00007fff08e2c000 	C:\Windows\SYSTEM32\dbgcore.DLL
0x00007fff19fa0000 - 0x00007fff1a022000 	C:\Windows\System32\bcryptPrimitives.dll
0x00007fff0ce30000 - 0x00007fff0ce58000 	C:\Program Files\Java\jdk-11.0.13\bin\java.dll
0x00007fff10e30000 - 0x00007fff10e3a000 	C:\Program Files\Java\jdk-11.0.13\bin\jimage.dll
0x00007fff10c40000 - 0x00007fff10c56000 	C:\Program Files\Java\jdk-11.0.13\bin\zip.dll
0x00007fff1b730000 - 0x00007fff1be74000 	C:\Windows\System32\SHELL32.dll
0x00007fff17800000 - 0x00007fff17f94000 	C:\Windows\SYSTEM32\windows.storage.dll
0x00007fff1a0a0000 - 0x00007fff1a3f4000 	C:\Windows\System32\combase.dll
0x00007fff18fd0000 - 0x00007fff18ffc000 	C:\Windows\SYSTEM32\Wldp.dll
0x00007fff1be80000 - 0x00007fff1bf2d000 	C:\Windows\System32\SHCORE.dll
0x00007fff1a730000 - 0x00007fff1a785000 	C:\Windows\System32\shlwapi.dll
0x00007fff19660000 - 0x00007fff1967f000 	C:\Windows\SYSTEM32\profapi.dll
0x00007ffefdf10000 - 0x00007ffefdf29000 	C:\Program Files\Java\jdk-11.0.13\bin\net.dll
0x00007fff11290000 - 0x00007fff1139a000 	C:\Windows\SYSTEM32\WINHTTP.dll
0x00007fff18db0000 - 0x00007fff18e1a000 	C:\Windows\system32\mswsock.dll
0x00007ffefbc80000 - 0x00007ffefbc92000 	C:\Program Files\Java\jdk-11.0.13\bin\nio.dll
0x0000000069ac0000 - 0x0000000069ae4000 	C:\Users\sfjbs\AppData\Local\Temp\jansi-2.4.0-832ee3fc02512285-jansi.dll

dbghelp: loaded successfully - version: 4.0.5 - missing functions: none
symbol engine: initialized successfully - sym options: 0x614 - pdb path: .;C:\Program Files\Java\jdk-11.0.13\bin;C:\Windows\SYSTEM32;C:\Windows\WinSxS\amd64_microsoft.windows.common-controls_6595b64144ccf1df_6.0.19041.1110_none_60b5254171f9507e;C:\Program Files\Java\jdk-11.0.13\bin\server;C:\Users\sfjbs\AppData\Local\Temp

VM Arguments:
jvm_args: -Dmaven.home=EMBEDDED -Dclassworlds.conf=C:\Users\sfjbs\Documents\workspace-spring-tool-suite-4-4.14.1.RELEASE\.metadata\.plugins\org.eclipse.m2e.launching\launches\m2conf5713386556377374508.tmp -Dmaven.multiModuleProjectDirectory=C:\Users\sfjbs\Documents\workspace-spring-tool-suite-4-4.14.1.RELEASE\FirstassignmentEmp -Djansi.force=true -Djansi.passthrough=true -Dfile.encoding=Cp1252 
java_command: org.codehaus.plexus.classworlds.launcher.Launcher -Ppom.xml -B install -Dstyle.color=always
java_class_path (initial): C:\Users\sfjbs\Downloads\sts-4.14.1.RELEASE\plugins\org.eclipse.m2e.maven.runtime_1.18.3.20220227-1319\jars\plexus-classworlds-2.6.0.jar
Launcher Type: SUN_STANDARD

[Global flags]
     intx CICompilerCount                          = 2                                         {product} {ergonomic}
     uint ConcGCThreads                            = 1                                         {product} {ergonomic}
     uint G1ConcRefinementThreads                  = 2                                         {product} {ergonomic}
   size_t G1HeapRegionSize                         = 1048576                                   {product} {ergonomic}
    uintx GCDrainStackTargetSize                   = 64                                        {product} {ergonomic}
   size_t InitialHeapSize                          = 134217728                                 {product} {ergonomic}
   size_t MarkStackSize                            = 4194304                                   {product} {ergonomic}
   size_t MaxHeapSize                              = 2147483648                                {product} {ergonomic}
   size_t MaxNewSize                               = 1287651328                                {product} {ergonomic}
   size_t MinHeapDeltaBytes                        = 1048576                                   {product} {ergonomic}
    uintx NonNMethodCodeHeapSize                   = 5825164                                {pd product} {ergonomic}
    uintx NonProfiledCodeHeapSize                  = 122916538                              {pd product} {ergonomic}
    uintx ProfiledCodeHeapSize                     = 122916538                              {pd product} {ergonomic}
    uintx ReservedCodeCacheSize                    = 251658240                              {pd product} {ergonomic}
     bool SegmentedCodeCache                       = true                                      {product} {ergonomic}
     bool UseCompressedClassPointers               = true                                 {lp64_product} {ergonomic}
     bool UseCompressedOops                        = true                                 {lp64_product} {ergonomic}
     bool UseG1GC                                  = true                                      {product} {ergonomic}
     bool UseLargePagesIndividualAllocation        = false                                  {pd product} {ergonomic}

Logging:
Log output configuration:
 #0: stdout all=warning uptime,level,tags
 #1: stderr all=off uptime,level,tags

Environment Variables:
PATH=C:/Users/sfjbs/Downloads/sts-4.14.1.RELEASE//plugins/org.eclipse.justj.openjdk.hotspot.jre.full.win32.x86_64_17.0.2.v20220201-1208/jre/bin/server;C:/Users/sfjbs/Downloads/sts-4.14.1.RELEASE//plugins/org.eclipse.justj.openjdk.hotspot.jre.full.win32.x86_64_17.0.2.v20220201-1208/jre/bin;C:\Program Files\Common Files\Oracle\Java\javapath;C:\Windows\system32;C:\Windows;C:\Windows\System32\Wbem;C:\Windows\System32\WindowsPowerShell\v1.0\;C:\Windows\System32\OpenSSH\;C:\Users\sfjbs\Downloads\javamicro-20220515T162725Z-001\javamicro\apache-maven-3.8.5-bin\apache-maven-3.8.5\bin;C:\Users\sfjbs\Downloads\javamicro-20220515T162725Z-001\javamicro\apache-maven-3.8.5-bin\apache-maven-3.8.5\lib;C:\Program Files\Git\cmd;C:\Program Files\Docker\Docker\resources\bin;C:\ProgramData\DockerDesktop\version-bin;C:\Users\sfjbs\AppData\Local\Microsoft\WindowsApps;C:\Users\sfjbs\Downloads\javamicro-20220515T162725Z-001\javamicro\apache-maven-3.8.5-bin\apache-maven-3.8.5\bin;C:\Users\sfjbs\Downloads\javamicro-20220515T162725Z-001\javamicro\apache-maven-3.8.5-bin\apache-maven-3.8.5\lib;C:\Program Files\JetBrains\IntelliJ IDEA Community Edition 2021.3.3\bin;;;C:\Users\sfjbs\Downloads\sts-4.14.1.RELEASE;
USERNAME=sfjbs
OS=Windows_NT
PROCESSOR_IDENTIFIER=Intel64 Family 6 Model 85 Stepping 7, GenuineIntel



---------------  S Y S T E M  ---------------

OS: Windows 10 , 64 bit Build 19041 (10.0.19041.1706)
Hyper-V role detected

CPU:total 2 (initial active 2) (1 cores per cpu, 2 threads per core) family 6 model 85 stepping 7 microcode 0xffffffff, cmov, cx8, fxsr, mmx, sse, sse2, sse3, ssse3, sse4.1, sse4.2, popcnt, avx, avx2, aes, clmul, erms, rtm, 3dnowpref, lzcnt, ht, tsc, bmi1, bmi2, adx, evex, fma

Memory: 4k page, system-wide physical 8190M (1332M free)
TotalPageFile size 10238M (AvailPageFile size 3M)
current process WorkingSet (physical memory assigned to process): 48M, peak: 48M
current process commit charge ("private bytes"): 201M, peak: 201M

vm_info: Java HotSpot(TM) 64-Bit Server VM (11.0.13+10-LTS-370) for windows-amd64 JRE (11.0.13+10-LTS-370), built on Sep 15 2021 22:10:36 by "mach5one" with MS VC++ 15.9 (VS2017)

END.
