#
# There is insufficient memory for the Java Runtime Environment to continue.
# Native memory allocation (mmap) failed to map 134217728 bytes for Failed to commit area from 0x0000000080000000 to 0x0000000088000000 of length 134217728.
# Possible reasons:
#   The system is out of physical RAM or swap space
#   The process is running with CompressedOops enabled, and the Java Heap may be blocking the growth of the native heap
# Possible solutions:
#   Reduce memory load on the system
#   Increase physical memory or swap space
#   Check if swap backing store is full
#   Decrease Java heap size (-Xmx/-Xms)
#   Decrease number of Java threads
#   Decrease Java thread stack sizes (-Xss)
#   Set larger code cache with -XX:ReservedCodeCacheSize=
# This output file may be truncated or incomplete.
#
#  Out of Memory Error (./open/src/hotspot/os/windows/os_windows.cpp:3276), pid=6416, tid=4292
#
# JRE version:  (11.0.13+10) (build )
# Java VM: Java HotSpot(TM) 64-Bit Server VM (11.0.13+10-LTS-370, mixed mode, sharing, tiered, compressed oops, g1 gc, windows-amd64)
# No core dump will be written. Minidumps are not enabled by default on client versions of Windows
#

---------------  S U M M A R Y ------------

Command Line: -Dmaven.home=EMBEDDED -Dclassworlds.conf=C:\Users\sfjbs\Documents\workspace-spring-tool-suite-4-4.14.1.RELEASE\.metadata\.plugins\org.eclipse.m2e.launching\launches\m2conf10691899879383221520.tmp -Dmaven.multiModuleProjectDirectory=C:\Users\sfjbs\Documents\workspace-spring-tool-suite-4-4.14.1.RELEASE\FirstassignmentEmp -Djansi.force=true -Djansi.passthrough=true -Dfile.encoding=Cp1252 org.codehaus.plexus.classworlds.launcher.Launcher -Ppom.xml -B install -Dstyle.color=always

Host: Intel(R) Xeon(R) Platinum 8272CL CPU @ 2.60GHz, 2 cores, 7G,  Windows 10 , 64 bit Build 19041 (10.0.19041.1706)
Time: Fri May 27 12:30:27 2022 Coordinated Universal Time elapsed time: 0.070030 seconds (0d 0h 0m 0s)

---------------  T H R E A D  ---------------

Current thread (0x000001e1a2176800):  JavaThread "Unknown thread" [_thread_in_vm, id=4292, stack(0x0000002a58e00000,0x0000002a58f00000)]

Stack: [0x0000002a58e00000,0x0000002a58f00000]
Native frames: (J=compiled Java code, j=interpreted, Vv=VM code, C=native code)
V  [jvm.dll+0x62870a]
V  [jvm.dll+0x761f2f]
V  [jvm.dll+0x7635d9]
V  [jvm.dll+0x763c63]
V  [jvm.dll+0x23d728]
V  [jvm.dll+0x625aba]
V  [jvm.dll+0x61a855]
V  [jvm.dll+0x2f242c]
V  [jvm.dll+0x2f22b2]
V  [jvm.dll+0x2f6fd6]
V  [jvm.dll+0x3395ff]
V  [jvm.dll+0x339030]
V  [jvm.dll+0x2cfa38]
V  [jvm.dll+0x2d0ba6]
V  [jvm.dll+0x73c547]
V  [jvm.dll+0x73dddf]
V  [jvm.dll+0x346369]
V  [jvm.dll+0x721e60]
V  [jvm.dll+0x3b500f]
V  [jvm.dll+0x3b7121]
C  [jli.dll+0x5207]
C  [ucrtbase.dll+0x21bb2]
C  [KERNEL32.DLL+0x17034]
C  [ntdll.dll+0x52651]


---------------  P R O C E S S  ---------------

Threads class SMR info:
_java_thread_list=0x000001e1a08d5d20, length=0, elements={
}

Java Threads: ( => current thread )

Other Threads:
  0x000001e1a218b800 GCTaskThread "GC Thread#0" [stack: 0x0000002a58f00000,0x0000002a59000000] [id=8544]
  0x000001e1a21bb000 ConcurrentGCThread "G1 Main Marker" [stack: 0x0000002a59000000,0x0000002a59100000] [id=4788]
  0x000001e1a21bd000 ConcurrentGCThread "G1 Conc#0" [stack: 0x0000002a59100000,0x0000002a59200000] [id=10692]

[error occurred during error reporting (printing all threads), id 0xc0000005, EXCEPTION_ACCESS_VIOLATION (0xc0000005) at pc=0x00007ffee7aeecc7]

VM state:not at safepoint (not fully initialized)

VM Mutex/Monitor currently owned by a thread:  ([mutex/lock_event])
[0x000001e1a2171890] Heap_lock - owner thread: 0x000001e1a2176800

Heap address: 0x0000000080000000, size: 2048 MB, Compressed Oops mode: Non-zero based: 0x0000000080000000
Narrow klass base: 0x0000000000000000, Narrow klass shift: 0

GC Heap History (0 events):
No events

Deoptimization events (0 events):
No events

Classes redefined (0 events):
No events

Internal exceptions (0 events):
No events

Events (0 events):
No events


Dynamic libraries:
0x00007ff719770000 - 0x00007ff71977f000 	C:\Program Files\Java\jdk-11.0.13\bin\javaw.exe
0x00007fff1c010000 - 0x00007fff1c205000 	C:\Windows\SYSTEM32\ntdll.dll
0x00007fff1b670000 - 0x00007fff1b72d000 	C:\Windows\System32\KERNEL32.DLL
0x00007fff198d0000 - 0x00007fff19b9d000 	C:\Windows\System32\KERNELBASE.dll
0x00007fff19cf0000 - 0x00007fff19df0000 	C:\Windows\System32\ucrtbase.dll
0x00007ffefdf10000 - 0x00007ffefdf28000 	C:\Program Files\Java\jdk-11.0.13\bin\jli.dll
0x00007fff1a790000 - 0x00007fff1a83e000 	C:\Windows\System32\ADVAPI32.dll
0x00007fff1a400000 - 0x00007fff1a49e000 	C:\Windows\System32\msvcrt.dll
0x00007fff1bf30000 - 0x00007fff1bfcc000 	C:\Windows\System32\sechost.dll
0x00007fff1af90000 - 0x00007fff1b0b5000 	C:\Windows\System32\RPCRT4.dll
0x00007fff1b2f0000 - 0x00007fff1b490000 	C:\Windows\System32\USER32.dll
0x00007fff1a030000 - 0x00007fff1a052000 	C:\Windows\System32\win32u.dll
0x00007fff1a060000 - 0x00007fff1a08a000 	C:\Windows\System32\GDI32.dll
0x00007fff19e90000 - 0x00007fff19f9b000 	C:\Windows\System32\gdi32full.dll
0x00007fff19c50000 - 0x00007fff19ced000 	C:\Windows\System32\msvcp_win.dll
0x00007ffefbc80000 - 0x00007ffefbc95000 	C:\Program Files\Java\jdk-11.0.13\bin\VCRUNTIME140.dll
0x00007fff02840000 - 0x00007fff02ada000 	C:\Windows\WinSxS\amd64_microsoft.windows.common-controls_6595b64144ccf1df_6.0.19041.1110_none_60b5254171f9507e\COMCTL32.dll
0x00007fff114c0000 - 0x00007fff114ca000 	C:\Windows\SYSTEM32\VERSION.dll
0x00007fff1b640000 - 0x00007fff1b670000 	C:\Windows\System32\IMM32.DLL
0x00007ffef5400000 - 0x00007ffef549b000 	C:\Program Files\Java\jdk-11.0.13\bin\msvcp140.dll
0x00007ffee7810000 - 0x00007ffee8323000 	C:\Program Files\Java\jdk-11.0.13\bin\server\jvm.dll
0x00007fff1af20000 - 0x00007fff1af28000 	C:\Windows\System32\PSAPI.DLL
0x00007fff0ce20000 - 0x00007fff0ce29000 	C:\Windows\SYSTEM32\WSOCK32.dll
0x00007fff1b1f0000 - 0x00007fff1b25b000 	C:\Windows\System32\WS2_32.dll
0x00007ffefb6d0000 - 0x00007ffefb6f7000 	C:\Windows\SYSTEM32\WINMM.dll
0x00007fff17600000 - 0x00007fff17612000 	C:\Windows\SYSTEM32\kernel.appcore.dll
0x00007fff0cea0000 - 0x00007fff0ceb0000 	C:\Program Files\Java\jdk-11.0.13\bin\verify.dll
0x00007fff08b60000 - 0x00007fff08d44000 	C:\Windows\SYSTEM32\DBGHELP.DLL
0x00007fff08e00000 - 0x00007fff08e2c000 	C:\Windows\SYSTEM32\dbgcore.DLL
0x00007fff19fa0000 - 0x00007fff1a022000 	C:\Windows\System32\bcryptPrimitives.dll
0x00007ffefbc50000 - 0x00007ffefbc78000 	C:\Program Files\Java\jdk-11.0.13\bin\java.dll
0x00007fff0cc00000 - 0x00007fff0cc0a000 	C:\Program Files\Java\jdk-11.0.13\bin\jimage.dll
0x00007ffefbb80000 - 0x00007ffefbb96000 	C:\Program Files\Java\jdk-11.0.13\bin\zip.dll

dbghelp: loaded successfully - version: 4.0.5 - missing functions: none
symbol engine: initialized successfully - sym options: 0x614 - pdb path: .;C:\Program Files\Java\jdk-11.0.13\bin;C:\Windows\SYSTEM32;C:\Windows\WinSxS\amd64_microsoft.windows.common-controls_6595b64144ccf1df_6.0.19041.1110_none_60b5254171f9507e;C:\Program Files\Java\jdk-11.0.13\bin\server

VM Arguments:
jvm_args: -Dmaven.home=EMBEDDED -Dclassworlds.conf=C:\Users\sfjbs\Documents\workspace-spring-tool-suite-4-4.14.1.RELEASE\.metadata\.plugins\org.eclipse.m2e.launching\launches\m2conf10691899879383221520.tmp -Dmaven.multiModuleProjectDirectory=C:\Users\sfjbs\Documents\workspace-spring-tool-suite-4-4.14.1.RELEASE\FirstassignmentEmp -Djansi.force=true -Djansi.passthrough=true -Dfile.encoding=Cp1252 
java_command: org.codehaus.plexus.classworlds.launcher.Launcher -Ppom.xml -B install -Dstyle.color=always
java_class_path (initial): C:\Users\sfjbs\Downloads\sts-4.14.1.RELEASE\plugins\org.eclipse.m2e.maven.runtime_1.18.3.20220227-1319\jars\plexus-classworlds-2.6.0.jar
Launcher Type: SUN_STANDARD

[Global flags]
     intx CICompilerCount                          = 2                                         {product} {ergonomic}
     uint ConcGCThreads                            = 1                                         {product} {ergonomic}
     uint G1ConcRefinementThreads                  = 2                                         {product} {ergonomic}
   size_t G1HeapRegionSize                         = 1048576                                   {product} {ergonomic}
    uintx GCDrainStackTargetSize                   = 64                                        {product} {ergonomic}
   size_t InitialHeapSize                          = 134217728                                 {product} {ergonomic}
   size_t MarkStackSize                            = 4194304                                   {product} {ergonomic}
   size_t MaxHeapSize                              = 2147483648                                {product} {ergonomic}
   size_t MinHeapDeltaBytes                        = 1048576                                   {product} {ergonomic}
    uintx NonNMethodCodeHeapSize                   = 5825164                                {pd product} {ergonomic}
    uintx NonProfiledCodeHeapSize                  = 122916538                              {pd product} {ergonomic}
    uintx ProfiledCodeHeapSize                     = 122916538                              {pd product} {ergonomic}
    uintx ReservedCodeCacheSize                    = 251658240                              {pd product} {ergonomic}
     bool SegmentedCodeCache                       = true                                      {product} {ergonomic}
     bool UseCompressedClassPointers               = true                                 {lp64_product} {ergonomic}
     bool UseCompressedOops                        = true                                 {lp64_product} {ergonomic}
     bool UseG1GC                                  = true                                      {product} {ergonomic}
     bool UseLargePagesIndividualAllocation        = false                                  {pd product} {ergonomic}

Logging:
Log output configuration:
 #0: stdout all=warning uptime,level,tags
 #1: stderr all=off uptime,level,tags

Environment Variables:
PATH=C:/Users/sfjbs/Downloads/sts-4.14.1.RELEASE//plugins/org.eclipse.justj.openjdk.hotspot.jre.full.win32.x86_64_17.0.2.v20220201-1208/jre/bin/server;C:/Users/sfjbs/Downloads/sts-4.14.1.RELEASE//plugins/org.eclipse.justj.openjdk.hotspot.jre.full.win32.x86_64_17.0.2.v20220201-1208/jre/bin;C:\Program Files\Common Files\Oracle\Java\javapath;C:\Windows\system32;C:\Windows;C:\Windows\System32\Wbem;C:\Windows\System32\WindowsPowerShell\v1.0\;C:\Windows\System32\OpenSSH\;C:\Users\sfjbs\Downloads\javamicro-20220515T162725Z-001\javamicro\apache-maven-3.8.5-bin\apache-maven-3.8.5\bin;C:\Users\sfjbs\Downloads\javamicro-20220515T162725Z-001\javamicro\apache-maven-3.8.5-bin\apache-maven-3.8.5\lib;C:\Program Files\Git\cmd;C:\Program Files\Docker\Docker\resources\bin;C:\ProgramData\DockerDesktop\version-bin;C:\Users\sfjbs\AppData\Local\Microsoft\WindowsApps;C:\Users\sfjbs\Downloads\javamicro-20220515T162725Z-001\javamicro\apache-maven-3.8.5-bin\apache-maven-3.8.5\bin;C:\Users\sfjbs\Downloads\javamicro-20220515T162725Z-001\javamicro\apache-maven-3.8.5-bin\apache-maven-3.8.5\lib;C:\Program Files\JetBrains\IntelliJ IDEA Community Edition 2021.3.3\bin;;;C:\Users\sfjbs\Downloads\sts-4.14.1.RELEASE;
USERNAME=sfjbs
OS=Windows_NT
PROCESSOR_IDENTIFIER=Intel64 Family 6 Model 85 Stepping 7, GenuineIntel



---------------  S Y S T E M  ---------------

OS: Windows 10 , 64 bit Build 19041 (10.0.19041.1706)
Hyper-V role detected

CPU:total 2 (initial active 2) (1 cores per cpu, 2 threads per core) family 6 model 85 stepping 7 microcode 0xffffffff, cmov, cx8, fxsr, mmx, sse, sse2, sse3, ssse3, sse4.1, sse4.2, popcnt, avx, avx2, aes, clmul, erms, rtm, 3dnowpref, lzcnt, ht, tsc, bmi1, bmi2, adx, evex, fma

Memory: 4k page, system-wide physical 8190M (1275M free)
TotalPageFile size 10238M (AvailPageFile size 89M)
current process WorkingSet (physical memory assigned to process): 9M, peak: 9M
current process commit charge ("private bytes"): 47M, peak: 175M

vm_info: Java HotSpot(TM) 64-Bit Server VM (11.0.13+10-LTS-370) for windows-amd64 JRE (11.0.13+10-LTS-370), built on Sep 15 2021 22:10:36 by "mach5one" with MS VC++ 15.9 (VS2017)

END.
